2018-03-15 13:59:00 INFO  KshortestpathsTest:20 - Setting Up DB
2018-03-15 13:59:00 INFO  KshortestpathsTest:27 - shutting down DB
2018-03-15 13:59:00 INFO  KshortestpathsTest:20 - Setting Up DB
2018-03-15 13:59:00 INFO  KshortestpathsTest:27 - shutting down DB
2018-03-15 13:59:00 INFO  KshortestpathsTest:20 - Setting Up DB
2018-03-15 13:59:00 INFO  KshortestpathsTest:27 - shutting down DB
2018-03-15 13:59:00 INFO  KshortestpathsTest:20 - Setting Up DB
2018-03-15 13:59:00 INFO  KshortestpathsTest:27 - shutting down DB
2018-03-15 13:59:00 INFO  KshortestpathsTest:20 - Setting Up DB
2018-03-15 13:59:00 INFO  KshortestpathsTest:27 - shutting down DB
2018-03-15 13:59:00 INFO  KshortestpathsTest:20 - Setting Up DB
2018-03-15 13:59:00 INFO  KshortestpathsTest:27 - shutting down DB
2018-03-15 13:59:00 INFO  KshortestpathsTest:20 - Setting Up DB
2018-03-15 13:59:00 INFO  KshortestpathsTest:27 - shutting down DB
2018-03-15 14:02:05 INFO  KshortestpathsTest:20 - Setting Up DB
2018-03-15 14:02:05 INFO  KshortestpathsTest:27 - shutting down DB
2018-03-15 14:02:05 INFO  KshortestpathsTest:20 - Setting Up DB
2018-03-15 14:02:05 INFO  KshortestpathsTest:27 - shutting down DB
2018-03-15 14:02:05 INFO  KshortestpathsTest:20 - Setting Up DB
2018-03-15 14:02:05 INFO  KshortestpathsTest:27 - shutting down DB
2018-03-15 14:02:05 INFO  KshortestpathsTest:20 - Setting Up DB
2018-03-15 14:02:05 INFO  KshortestpathsTest:27 - shutting down DB
2018-03-15 14:02:05 INFO  KshortestpathsTest:20 - Setting Up DB
2018-03-15 14:02:05 INFO  KshortestpathsTest:27 - shutting down DB
2018-03-15 14:02:05 INFO  KshortestpathsTest:20 - Setting Up DB
2018-03-15 14:02:05 INFO  KshortestpathsTest:27 - shutting down DB
2018-03-15 14:02:05 INFO  KshortestpathsTest:20 - Setting Up DB
2018-03-15 14:02:05 INFO  KshortestpathsTest:27 - shutting down DB
2018-03-15 14:23:41 INFO  KshortestpathsTest:20 - Setting Up DB
2018-03-15 14:23:42 INFO  KshortestpathsTest:27 - shutting down DB
2018-03-15 14:23:42 INFO  KshortestpathsTest:20 - Setting Up DB
2018-03-15 14:23:42 INFO  KshortestpathsTest:27 - shutting down DB
2018-03-15 14:23:42 INFO  KshortestpathsTest:20 - Setting Up DB
2018-03-15 14:23:42 INFO  KshortestpathsTest:27 - shutting down DB
2018-03-15 14:23:42 INFO  KshortestpathsTest:20 - Setting Up DB
2018-03-15 14:23:43 INFO  KshortestpathsTest:27 - shutting down DB
2018-03-15 14:23:43 INFO  KshortestpathsTest:20 - Setting Up DB
2018-03-15 14:23:43 INFO  KshortestpathsTest:27 - shutting down DB
2018-03-15 14:23:43 INFO  KshortestpathsTest:20 - Setting Up DB
2018-03-15 14:23:43 INFO  KshortestpathsTest:27 - shutting down DB
2018-03-15 14:23:43 INFO  KshortestpathsTest:20 - Setting Up DB
2018-03-15 14:23:43 INFO  KshortestpathsTest:27 - shutting down DB
2018-03-15 14:26:40 INFO  KshortestpathsTest:20 - Setting Up DB
2018-03-15 14:26:43 INFO  Kshortestpaths:38 - Received Request for k-shortest src: :C0003419, target:C0030193, vocab:[NDFRT, MSH], length:2
2018-03-15 14:26:48 FATAL Kshortestpaths:61 - 
2018-03-15 14:26:48 DEBUG Kshortestpaths:62 - exception
2018-03-15 14:26:48 INFO  Kshortestpaths:74 - Total Paths found @ depth : 0
2018-03-15 14:26:48 INFO  KshortestpathsTest:27 - shutting down DB
2018-03-15 14:26:48 INFO  KshortestpathsTest:20 - Setting Up DB
2018-03-15 14:26:49 INFO  Kshortestpaths:38 - Received Request for k-shortest src: :C0003419, target:C0030193, vocab:[all], length:2
2018-03-15 14:26:57 FATAL Kshortestpaths:61 - 
2018-03-15 14:26:57 DEBUG Kshortestpaths:62 - exception
2018-03-15 14:26:57 INFO  Kshortestpaths:74 - Total Paths found @ depth : 0
2018-03-15 14:26:57 INFO  KshortestpathsTest:27 - shutting down DB
2018-03-15 14:26:58 INFO  KshortestpathsTest:20 - Setting Up DB
2018-03-15 14:26:58 INFO  Kshortestpaths:38 - Received Request for k-shortest src: :C0003419, target:C0030193, vocab:[all, MSH], length:2
2018-03-15 14:27:01 FATAL Kshortestpaths:61 - 
2018-03-15 14:27:01 DEBUG Kshortestpaths:62 - exception
2018-03-15 14:27:01 INFO  Kshortestpaths:74 - Total Paths found @ depth : 0
2018-03-15 14:27:01 INFO  KshortestpathsTest:27 - shutting down DB
2018-03-15 14:27:01 INFO  KshortestpathsTest:20 - Setting Up DB
2018-03-15 14:27:01 INFO  Kshortestpaths:38 - Received Request for k-shortest src: :C0003419, target:C0030193, vocab:[NDFRT, MSH], length:1
2018-03-15 14:27:07 FATAL Kshortestpaths:61 - 
2018-03-15 14:27:07 DEBUG Kshortestpaths:62 - exception
2018-03-15 14:27:07 INFO  Kshortestpaths:74 - Total Paths found @ depth : 0
2018-03-15 14:27:07 INFO  KshortestpathsTest:27 - shutting down DB
2018-03-15 14:27:08 INFO  KshortestpathsTest:20 - Setting Up DB
2018-03-15 14:27:08 INFO  Kshortestpaths:38 - Received Request for k-shortest src: :C0003419, target:C0030193, vocab:[all], length:1
2018-03-15 14:27:18 FATAL Kshortestpaths:61 - 
2018-03-15 14:27:18 DEBUG Kshortestpaths:62 - exception
2018-03-15 14:27:18 INFO  Kshortestpaths:74 - Total Paths found @ depth : 0
2018-03-15 14:27:18 INFO  KshortestpathsTest:27 - shutting down DB
2018-03-15 14:27:18 INFO  KshortestpathsTest:20 - Setting Up DB
2018-03-15 14:27:18 INFO  Kshortestpaths:38 - Received Request for k-shortest src: :C0003419, target:C0030193, vocab:[NDFRT], length:1
2018-03-15 14:27:24 FATAL Kshortestpaths:61 - 
2018-03-15 14:27:24 DEBUG Kshortestpaths:62 - exception
2018-03-15 14:27:24 INFO  Kshortestpaths:74 - Total Paths found @ depth : 0
2018-03-15 14:27:24 INFO  KshortestpathsTest:27 - shutting down DB
2018-03-15 14:27:24 INFO  KshortestpathsTest:20 - Setting Up DB
2018-03-15 14:27:24 INFO  Kshortestpaths:38 - Received Request for k-shortest src: :C0003419, target:C0030193, vocab:[NDFRT], length:2
2018-03-15 14:27:29 FATAL Kshortestpaths:61 - 
2018-03-15 14:27:29 DEBUG Kshortestpaths:62 - exception
2018-03-15 14:27:29 INFO  Kshortestpaths:74 - Total Paths found @ depth : 0
2018-03-15 14:27:29 INFO  KshortestpathsTest:27 - shutting down DB
2018-03-15 14:27:53 INFO  KshortestpathsTest:20 - Setting Up DB
2018-03-15 14:27:56 INFO  Kshortestpaths:38 - Received Request for k-shortest src: :C0003419, target:C0030193, vocab:[NDFRT, MSH], length:2
2018-03-15 14:27:59 FATAL Kshortestpaths:61 - 
2018-03-15 14:27:59 DEBUG Kshortestpaths:62 - exception
2018-03-15 14:27:59 INFO  Kshortestpaths:74 - Total Paths found @ depth : 0
2018-03-15 14:31:04 INFO  KshortestpathsTest:27 - shutting down DB
2018-03-15 14:31:04 INFO  KshortestpathsTest:20 - Setting Up DB
2018-03-15 14:31:04 INFO  Kshortestpaths:38 - Received Request for k-shortest src: :C0003419, target:C0030193, vocab:[all], length:2
2018-03-15 14:32:33 INFO  KshortestpathsTest:20 - Setting Up DB
2018-03-15 14:32:37 INFO  Kshortestpaths:38 - Received Request for k-shortest src: :C0003419, target:C0030193, vocab:[NDFRT, MSH], length:2
2018-03-15 14:33:54 INFO  KshortestpathsTest:20 - Setting Up DB
2018-03-15 14:33:58 INFO  Kshortestpaths:38 - Received Request for k-shortest src: :C0003419, target:C0030193, vocab:[NDFRT, MSH], length:2
2018-03-15 14:34:15 INFO  KshortestpathsTest:20 - Setting Up DB
2018-03-15 14:34:18 INFO  Kshortestpaths:38 - Received Request for k-shortest src: :C0003419, target:C0030193, vocab:[NDFRT, MSH], length:2
2018-03-15 14:34:21 FATAL Kshortestpaths:61 - 
2018-03-15 14:34:21 DEBUG Kshortestpaths:62 - exception
2018-03-15 14:34:21 INFO  Kshortestpaths:74 - Total Paths found @ depth : 0
2018-03-15 14:34:55 INFO  KshortestpathsTest:27 - shutting down DB
2018-03-15 14:35:00 INFO  KshortestpathsTest:20 - Setting Up DB
2018-03-15 14:35:03 INFO  Kshortestpaths:38 - Received Request for k-shortest src: :C0003419, target:C0030193, vocab:[NDFRT, MSH], length:2
2018-03-15 14:36:32 FATAL Kshortestpaths:61 - 
2018-03-15 14:36:32 DEBUG Kshortestpaths:62 - exception
2018-03-15 14:36:32 INFO  Kshortestpaths:74 - Total Paths found @ depth : 0
2018-03-15 14:36:34 INFO  KshortestpathsTest:27 - shutting down DB
2018-03-15 14:36:34 INFO  KshortestpathsTest:20 - Setting Up DB
2018-03-15 14:36:34 INFO  Kshortestpaths:38 - Received Request for k-shortest src: :C0003419, target:C0030193, vocab:[all], length:2
2018-03-15 14:37:42 FATAL Kshortestpaths:61 - 
2018-03-15 14:37:42 DEBUG Kshortestpaths:62 - exception
2018-03-15 14:37:42 INFO  Kshortestpaths:74 - Total Paths found @ depth : 0
2018-03-15 14:37:43 INFO  KshortestpathsTest:27 - shutting down DB
2018-03-15 14:37:43 INFO  KshortestpathsTest:20 - Setting Up DB
2018-03-15 14:37:43 INFO  Kshortestpaths:38 - Received Request for k-shortest src: :C0003419, target:C0030193, vocab:[all, MSH], length:2
2018-03-15 14:37:51 FATAL Kshortestpaths:61 - 
2018-03-15 14:37:51 DEBUG Kshortestpaths:62 - exception
2018-03-15 14:37:51 INFO  Kshortestpaths:74 - Total Paths found @ depth : 0
2018-03-15 14:37:52 INFO  KshortestpathsTest:27 - shutting down DB
2018-03-15 14:37:52 INFO  KshortestpathsTest:20 - Setting Up DB
2018-03-15 14:37:52 INFO  Kshortestpaths:38 - Received Request for k-shortest src: :C0003419, target:C0030193, vocab:[NDFRT, MSH], length:1
2018-03-15 14:37:54 FATAL Kshortestpaths:61 - 
2018-03-15 14:37:54 DEBUG Kshortestpaths:62 - exception
2018-03-15 14:37:54 INFO  Kshortestpaths:74 - Total Paths found @ depth : 0
2018-03-15 14:37:57 INFO  KshortestpathsTest:27 - shutting down DB
2018-03-15 14:37:57 INFO  KshortestpathsTest:20 - Setting Up DB
2018-03-15 14:37:58 INFO  Kshortestpaths:38 - Received Request for k-shortest src: :C0003419, target:C0030193, vocab:[all], length:1
2018-03-15 14:38:00 FATAL Kshortestpaths:61 - 
2018-03-15 14:38:00 DEBUG Kshortestpaths:62 - exception
2018-03-15 14:38:00 INFO  Kshortestpaths:74 - Total Paths found @ depth : 0
2018-03-15 14:38:01 INFO  KshortestpathsTest:27 - shutting down DB
2018-03-15 14:38:01 INFO  KshortestpathsTest:20 - Setting Up DB
2018-03-15 14:38:02 INFO  Kshortestpaths:38 - Received Request for k-shortest src: :C0003419, target:C0030193, vocab:[NDFRT], length:1
2018-03-15 14:38:03 FATAL Kshortestpaths:61 - 
2018-03-15 14:38:03 DEBUG Kshortestpaths:62 - exception
2018-03-15 14:38:03 INFO  Kshortestpaths:74 - Total Paths found @ depth : 0
2018-03-15 14:38:09 INFO  KshortestpathsTest:27 - shutting down DB
2018-03-15 14:38:09 INFO  KshortestpathsTest:20 - Setting Up DB
2018-03-15 14:38:09 INFO  Kshortestpaths:38 - Received Request for k-shortest src: :C0003419, target:C0030193, vocab:[NDFRT], length:2
2018-03-15 14:38:13 FATAL Kshortestpaths:61 - 
2018-03-15 14:38:13 DEBUG Kshortestpaths:62 - exception
2018-03-15 14:38:13 INFO  Kshortestpaths:74 - Total Paths found @ depth : 0
2018-03-15 14:38:15 INFO  KshortestpathsTest:27 - shutting down DB
2018-03-15 14:40:40 INFO  KshortestpathsTest:20 - Setting Up DB
2018-03-15 14:40:44 INFO  Kshortestpaths:38 - Received Request for k-shortest src: :C0003419, target:C0030193, vocab:[all], length:2
2018-03-15 14:41:28 FATAL Kshortestpaths:61 - 
2018-03-15 14:41:28 DEBUG Kshortestpaths:62 - exception
2018-03-15 14:41:49 INFO  KshortestpathsTest:20 - Setting Up DB
2018-03-15 14:41:52 INFO  Kshortestpaths:38 - Received Request for k-shortest src: :C0003419, target:C0030193, vocab:[all], length:3
2018-03-15 14:42:47 FATAL Kshortestpaths:61 - 
2018-03-15 14:42:47 DEBUG Kshortestpaths:62 - exception
2018-03-15 14:42:47 INFO  Kshortestpaths:74 - Total Paths found @ depth : 0
2018-03-15 14:42:49 INFO  KshortestpathsTest:27 - shutting down DB
2018-03-15 14:42:49 INFO  KshortestpathsTest:20 - Setting Up DB
2018-03-15 14:42:49 INFO  Kshortestpaths:38 - Received Request for k-shortest src: :C0003419, target:C0030193, vocab:[all, MSH], length:3
2018-03-15 14:45:02 FATAL Kshortestpaths:61 - 
2018-03-15 14:45:02 DEBUG Kshortestpaths:62 - exception
2018-03-15 14:45:02 INFO  Kshortestpaths:74 - Total Paths found @ depth : 0
2018-03-15 14:45:03 INFO  KshortestpathsTest:27 - shutting down DB
2018-03-15 14:45:03 INFO  KshortestpathsTest:20 - Setting Up DB
2018-03-15 14:45:18 INFO  KshortestpathsTest:20 - Setting Up DB
2018-03-15 14:45:22 INFO  Kshortestpaths:38 - Received Request for k-shortest src: :C0003419, target:C0030193, vocab:[all], length:3
2018-03-15 14:45:44 FATAL Kshortestpaths:61 - 
2018-03-15 14:45:44 DEBUG Kshortestpaths:62 - exception
2018-03-15 14:50:23 INFO  KshortestpathsTest:20 - Setting Up DB
2018-03-15 14:50:26 INFO  Kshortestpaths:38 - Received Request for k-shortest src: :C0003419, target:C0030193, vocab:[all], length:3
2018-03-15 14:51:29 DEBUG KShortestPathsAlgo:70 - Path !found @ Depth: 1
2018-03-15 14:51:29 FATAL Kshortestpaths:61 - 
2018-03-15 14:51:29 DEBUG Kshortestpaths:62 - exception
2018-03-15 14:55:15 INFO  KshortestpathsTest:20 - Setting Up DB
2018-03-15 14:55:19 INFO  Kshortestpaths:38 - Received Request for k-shortest src: :C0003419, target:C0030193, vocab:[all], length:3
2018-03-15 14:56:12 DEBUG KShortestPathsAlgo:70 - Path !found @ Depth: 1
2018-03-15 14:56:39 FATAL Kshortestpaths:61 - 
2018-03-15 14:56:39 DEBUG Kshortestpaths:62 - exception
2018-03-15 14:57:26 INFO  KshortestpathsTest:20 - Setting Up DB
2018-03-15 14:57:30 INFO  Kshortestpaths:38 - Received Request for k-shortest src: :C0003419, target:C0030193, vocab:[all], length:3
2018-03-15 14:58:42 DEBUG KShortestPathsAlgo:70 - Path !found @ Depth: 1
2018-03-15 15:00:53 FATAL Kshortestpaths:61 - 
2018-03-15 15:00:53 DEBUG Kshortestpaths:62 - exception
2018-03-15 15:11:40 INFO  KshortestpathsTest:20 - Setting Up DB
2018-03-15 15:11:44 INFO  Kshortestpaths:38 - Received Request for k-shortest src: :C0003419, target:C0030193, vocab:[all], length:3
2018-03-15 15:12:13 DEBUG KShortestPathsAlgo:67 - Path !found @ Depth: 1
2018-03-15 15:12:29 DEBUG KShortestPathsAlgo:23 - Total path(1341)--[MEDCIN,157719]-->(14145)--[NDFRT,1078436]-->(13563)
2018-03-15 15:12:47 DEBUG KShortestPathsAlgo:27 - result for all vocab(1341)--[MEDCIN,157719]-->(14145)--[NDFRT,1078436]-->(13563)
2018-03-15 15:12:57 DEBUG KShortestPathsAlgo:32 - result for all vocab(1341)--[MEDCIN,157719]-->(14145)--[NDFRT,1078436]-->(13563)
2018-03-15 15:13:02 DEBUG KShortestPathsAlgo:23 - Total path(1341)<--[CSP,81234]--(995)<--[MEDLINEPLUS,1025399]--(13563)
2018-03-15 15:13:05 DEBUG KShortestPathsAlgo:27 - result for all vocab(1341)<--[CSP,81234]--(995)<--[MEDLINEPLUS,1025399]--(13563)
2018-03-15 15:13:07 DEBUG KShortestPathsAlgo:32 - result for all vocab(1341)<--[CSP,81234]--(995)<--[MEDLINEPLUS,1025399]--(13563)
2018-03-15 15:13:10 DEBUG KShortestPathsAlgo:23 - Total path(1341)<--[CSP,81234]--(995)--[MEDLINEPLUS,81280]-->(13563)
2018-03-15 15:13:16 DEBUG KShortestPathsAlgo:27 - result for all vocab(1341)<--[CSP,81234]--(995)--[MEDLINEPLUS,81280]-->(13563)
2018-03-15 15:13:20 DEBUG KShortestPathsAlgo:32 - result for all vocab(1341)<--[CSP,81234]--(995)--[MEDLINEPLUS,81280]-->(13563)
2018-03-15 15:13:22 DEBUG KShortestPathsAlgo:23 - Total path(1341)--[MSH,157714]-->(213)--[NDFRT,12258]-->(13563)
2018-03-15 15:13:23 DEBUG KShortestPathsAlgo:27 - result for all vocab(1341)--[MSH,157714]-->(213)--[NDFRT,12258]-->(13563)
2018-03-15 15:13:26 DEBUG KShortestPathsAlgo:32 - result for all vocab(1341)--[MSH,157714]-->(213)--[NDFRT,12258]-->(13563)
2018-03-15 15:13:33 DEBUG KShortestPathsAlgo:23 - Total path(1341)--[CSP,157713]-->(213)--[NDFRT,12258]-->(13563)
2018-03-15 15:13:33 DEBUG KShortestPathsAlgo:27 - result for all vocab(1341)--[CSP,157713]-->(213)--[NDFRT,12258]-->(13563)
2018-03-15 15:13:33 DEBUG KShortestPathsAlgo:32 - result for all vocab(1341)--[CSP,157713]-->(213)--[NDFRT,12258]-->(13563)
2018-03-15 15:13:33 DEBUG KShortestPathsAlgo:23 - Total path(1341)--[CSP,157718]-->(12170)--[NDFRT,946279]-->(13563)
2018-03-15 15:13:33 DEBUG KShortestPathsAlgo:27 - result for all vocab(1341)--[CSP,157718]-->(12170)--[NDFRT,946279]-->(13563)
2018-03-15 15:13:33 DEBUG KShortestPathsAlgo:32 - result for all vocab(1341)--[CSP,157718]-->(12170)--[NDFRT,946279]-->(13563)
2018-03-15 15:13:33 DEBUG KShortestPathsAlgo:23 - Total path(1341)--[MSH,157716]-->(1646)--[NDFRT,186790]-->(13563)
2018-03-15 15:13:33 DEBUG KShortestPathsAlgo:27 - result for all vocab(1341)--[MSH,157716]-->(1646)--[NDFRT,186790]-->(13563)
2018-03-15 15:13:33 DEBUG KShortestPathsAlgo:32 - result for all vocab(1341)--[MSH,157716]-->(1646)--[NDFRT,186790]-->(13563)
2018-03-15 15:13:33 DEBUG KShortestPathsAlgo:23 - Total path(1341)--[MSH,157716]-->(1646)--[NDFRT,186789]-->(13563)
2018-03-15 15:13:33 DEBUG KShortestPathsAlgo:27 - result for all vocab(1341)--[MSH,157716]-->(1646)--[NDFRT,186789]-->(13563)
2018-03-15 15:13:33 DEBUG KShortestPathsAlgo:32 - result for all vocab(1341)--[MSH,157716]-->(1646)--[NDFRT,186789]-->(13563)
2018-03-15 15:13:33 DEBUG KShortestPathsAlgo:23 - Total path(1341)--[CSP,157715]-->(1646)--[NDFRT,186790]-->(13563)
2018-03-15 15:13:33 DEBUG KShortestPathsAlgo:27 - result for all vocab(1341)--[CSP,157715]-->(1646)--[NDFRT,186790]-->(13563)
2018-03-15 15:13:33 DEBUG KShortestPathsAlgo:32 - result for all vocab(1341)--[CSP,157715]-->(1646)--[NDFRT,186790]-->(13563)
2018-03-15 15:13:33 DEBUG KShortestPathsAlgo:23 - Total path(1341)--[CSP,157715]-->(1646)--[NDFRT,186789]-->(13563)
2018-03-15 15:13:33 DEBUG KShortestPathsAlgo:27 - result for all vocab(1341)--[CSP,157715]-->(1646)--[NDFRT,186789]-->(13563)
2018-03-15 15:13:33 DEBUG KShortestPathsAlgo:32 - result for all vocab(1341)--[CSP,157715]-->(1646)--[NDFRT,186789]-->(13563)
2018-03-15 15:13:33 DEBUG KShortestPathsAlgo:64 - Found Path @ Depth: 2
2018-03-15 15:13:33 INFO  Kshortestpaths:74 - Total Paths found @ depth : 10
2018-03-15 15:14:07 INFO  KshortestpathsTest:27 - shutting down DB
2018-03-15 15:14:08 INFO  KshortestpathsTest:20 - Setting Up DB
2018-03-15 15:14:08 INFO  Kshortestpaths:38 - Received Request for k-shortest src: :C0003419, target:C0030193, vocab:[all, MSH], length:3
2018-03-15 15:14:14 DEBUG KShortestPathsAlgo:67 - Path !found @ Depth: 1
2018-03-15 15:15:26 INFO  KshortestpathsTest:20 - Setting Up DB
2018-03-15 15:15:29 INFO  Kshortestpaths:38 - Received Request for k-shortest src: :C0003419, target:C0030193, vocab:[all], length:3
2018-03-15 15:15:45 DEBUG KShortestPathsAlgo:67 - Path !found @ Depth: 1
2018-03-15 15:17:06 DEBUG KShortestPathsAlgo:64 - Found Path @ Depth: 2
2018-03-15 15:17:06 INFO  Kshortestpaths:74 - Total Paths found @ depth : 10
2018-03-15 15:18:07 INFO  KshortestpathsTest:27 - shutting down DB
2018-03-15 15:31:09 INFO  KshortestpathsTest:20 - Setting Up DB
2018-03-15 15:31:13 INFO  Kshortestpaths:38 - Received Request for k-shortest src: :C0003419, target:C0030193, vocab:[all], length:3
2018-03-15 15:31:17 DEBUG KShortestPathsAlgo:67 - Path !found @ Depth: 1
2018-03-15 15:31:17 DEBUG KShortestPathsAlgo:64 - Found Path @ Depth: 2
2018-03-15 15:31:17 INFO  Kshortestpaths:74 - Total Paths found @ depth : 10
2018-03-15 15:52:14 INFO  KshortestpathsTest:27 - shutting down DB
2018-03-15 15:55:04 INFO  KshortestpathsTest:20 - Setting Up DB
2018-03-15 15:55:08 INFO  Kshortestpaths:38 - Received Request for k-shortest src: :C0003419, target:C0030193, vocab:[all], length:3
2018-03-15 15:55:11 DEBUG KShortestPathsAlgo:67 - Path !found @ Depth: 1
2018-03-15 15:55:11 DEBUG KShortestPathsAlgo:64 - Found Path @ Depth: 2
2018-03-15 15:55:11 INFO  Kshortestpaths:74 - Total Paths found @ depth : 10
2018-03-15 15:55:11 INFO  KshortestpathsTest:27 - shutting down DB
2018-03-15 15:55:11 INFO  KshortestpathsTest:20 - Setting Up DB
2018-03-15 15:55:11 INFO  KshortestpathsTest:48 - 10 Paths
2018-03-15 15:55:11 INFO  Kshortestpaths:38 - Received Request for k-shortest src: :C0003419, target:C0030193, vocab:[all, MSH], length:2
2018-03-15 15:55:13 DEBUG KShortestPathsAlgo:67 - Path !found @ Depth: 1
2018-03-15 15:55:13 DEBUG KShortestPathsAlgo:64 - Found Path @ Depth: 2
2018-03-15 15:55:14 INFO  Kshortestpaths:74 - Total Paths found @ depth : 10
2018-03-15 15:55:14 INFO  KshortestpathsTest:27 - shutting down DB
2018-03-15 15:55:14 INFO  KshortestpathsTest:20 - Setting Up DB
2018-03-15 15:55:14 INFO  KshortestpathsTest:41 - 0 Paths
2018-03-15 15:55:14 INFO  Kshortestpaths:38 - Received Request for k-shortest src: :C0003419, target:C0030193, vocab:[all], length:1
2018-03-15 15:55:18 DEBUG KShortestPathsAlgo:67 - Path !found @ Depth: 1
2018-03-15 15:55:18 INFO  Kshortestpaths:74 - Total Paths found @ depth : 0
2018-03-15 15:55:18 INFO  KshortestpathsTest:27 - shutting down DB
2018-03-15 15:59:56 INFO  KshortestpathsTest:20 - Setting Up DB
2018-03-15 15:59:59 INFO  Kshortestpaths:38 - Received Request for k-shortest src: :C0003419, target:C0030193, vocab:[all], length:3
2018-03-15 16:00:02 DEBUG KShortestPathsAlgo:67 - Path !found @ Depth: 1
2018-03-15 16:00:02 INFO  Kshortestpaths:74 - Total Paths found @ depth : 10
2018-03-15 16:00:02 INFO  KshortestpathsTest:27 - shutting down DB
2018-03-15 16:00:02 INFO  KshortestpathsTest:20 - Setting Up DB
2018-03-15 16:00:02 INFO  KshortestpathsTest:41 - 0 Paths
2018-03-15 16:00:02 INFO  Kshortestpaths:38 - Received Request for k-shortest src: :C0003419, target:C0030193, vocab:[all], length:1
2018-03-15 16:00:04 DEBUG KShortestPathsAlgo:67 - Path !found @ Depth: 1
2018-03-15 16:00:04 INFO  Kshortestpaths:74 - Total Paths found @ depth : 0
2018-03-15 16:00:04 INFO  KshortestpathsTest:27 - shutting down DB
2018-03-15 16:00:04 INFO  KshortestpathsTest:20 - Setting Up DB
2018-03-15 16:00:05 INFO  KshortestpathsTest:48 - 10 Paths
2018-03-15 16:00:05 INFO  Kshortestpaths:38 - Received Request for k-shortest src: :C0003419, target:C0030193, vocab:[all, MSH], length:2
2018-03-15 16:00:08 DEBUG KShortestPathsAlgo:67 - Path !found @ Depth: 1
2018-03-15 16:00:09 INFO  Kshortestpaths:74 - Total Paths found @ depth : 10
2018-03-15 16:00:09 INFO  KshortestpathsTest:27 - shutting down DB
2018-03-15 16:02:01 INFO  KshortestpathsTest:20 - Setting Up DB
2018-03-15 16:02:04 INFO  KshortestpathsTest:54 - 10 Paths should be there
2018-03-15 16:02:04 INFO  Kshortestpaths:38 - Received Request for k-shortest src: :C0003419, target:C0030193, vocab:[all], length:3
2018-03-15 16:02:06 DEBUG KShortestPathsAlgo:67 - Path !found @ Depth: 1
2018-03-15 16:02:07 INFO  Kshortestpaths:74 - Total Paths found @ depth : 10
2018-03-15 16:02:07 INFO  KshortestpathsTest:27 - shutting down DB
2018-03-15 16:02:07 INFO  KshortestpathsTest:20 - Setting Up DB
2018-03-15 16:02:07 INFO  KshortestpathsTest:41 - 0 Paths should be there
2018-03-15 16:02:07 INFO  Kshortestpaths:38 - Received Request for k-shortest src: :C0003419, target:C0030193, vocab:[all], length:1
2018-03-15 16:02:09 DEBUG KShortestPathsAlgo:67 - Path !found @ Depth: 1
2018-03-15 16:02:09 INFO  Kshortestpaths:74 - Total Paths found @ depth : 0
2018-03-15 16:02:09 INFO  KshortestpathsTest:27 - shutting down DB
2018-03-15 16:02:09 INFO  KshortestpathsTest:20 - Setting Up DB
2018-03-15 16:02:09 INFO  KshortestpathsTest:48 - 10 Paths should be there
2018-03-15 16:02:09 INFO  Kshortestpaths:38 - Received Request for k-shortest src: :C0003419, target:C0030193, vocab:[all, MSH], length:2
2018-03-15 16:02:11 DEBUG KShortestPathsAlgo:67 - Path !found @ Depth: 1
2018-03-15 16:02:11 INFO  Kshortestpaths:74 - Total Paths found @ depth : 10
2018-03-15 16:02:11 INFO  KshortestpathsTest:27 - shutting down DB
2018-03-15 16:05:34 INFO  KshortestpathsTest:20 - Setting Up DB
2018-03-15 16:05:37 INFO  KshortestpathsTest:54 - 10 Paths should be there
2018-03-15 16:05:37 INFO  Kshortestpaths:38 - Received Request for k-shortest src: :C0003419, target:C0030193, vocab:[all], depth:3
2018-03-15 16:05:40 DEBUG KShortestPathsAlgo:67 - Path ~found @ Depth: 1
2018-03-15 16:05:40 INFO  Kshortestpaths:74 - Total Paths found: 10
2018-03-15 16:05:40 INFO  KshortestpathsTest:27 - shutting down DB
2018-03-15 16:05:40 INFO  KshortestpathsTest:20 - Setting Up DB
2018-03-15 16:05:40 INFO  KshortestpathsTest:41 - 0 Paths should be there
2018-03-15 16:05:40 INFO  Kshortestpaths:38 - Received Request for k-shortest src: :C0003419, target:C0030193, vocab:[all], depth:1
2018-03-15 16:05:42 DEBUG KShortestPathsAlgo:67 - Path ~found @ Depth: 1
2018-03-15 16:05:42 INFO  Kshortestpaths:74 - Total Paths found: 0
2018-03-15 16:05:42 INFO  KshortestpathsTest:27 - shutting down DB
2018-03-15 16:05:42 INFO  KshortestpathsTest:20 - Setting Up DB
2018-03-15 16:05:42 INFO  KshortestpathsTest:48 - 10 Paths should be there
2018-03-15 16:05:42 INFO  Kshortestpaths:38 - Received Request for k-shortest src: :C0003419, target:C0030193, vocab:[all, MSH], depth:2
2018-03-15 16:05:45 DEBUG KShortestPathsAlgo:67 - Path ~found @ Depth: 1
2018-03-15 16:05:45 INFO  Kshortestpaths:74 - Total Paths found: 10
2018-03-15 16:05:45 INFO  KshortestpathsTest:27 - shutting down DB
2018-03-15 16:10:06 INFO  KshortestpathsTest:20 - Setting Up DB
2018-03-15 16:10:09 INFO  KshortestpathsTest:54 - 10 Paths should be there
2018-03-15 16:10:09 INFO  Kshortestpaths:38 - Received Request for k-shortest src: :C0003419, target:C0030193, vocab:[all], depth:3
2018-03-15 16:10:12 DEBUG KShortestPathsAlgo:67 - Path ~found @ Depth: 1
2018-03-15 16:10:12 INFO  Kshortestpaths:74 - Total Paths found: 10
2018-03-15 16:10:12 INFO  KshortestpathsTest:27 - shutting down DB
2018-03-15 16:10:13 INFO  KshortestpathsTest:20 - Setting Up DB
2018-03-15 16:10:13 INFO  KshortestpathsTest:41 - 1 Direct Path
2018-03-15 16:10:13 INFO  Kshortestpaths:38 - Received Request for k-shortest src: :C0000039, target:C0043950, vocab:[all], depth:1
2018-03-15 16:10:15 INFO  Kshortestpaths:74 - Total Paths found: 1
2018-03-15 16:10:15 INFO  KshortestpathsTest:27 - shutting down DB
2018-03-15 16:10:15 INFO  KshortestpathsTest:20 - Setting Up DB
2018-03-15 16:10:15 INFO  KshortestpathsTest:48 - 3 Paths should be there
2018-03-15 16:10:15 INFO  Kshortestpaths:38 - Received Request for k-shortest src: :C0003419, target:C0030193, vocab:[NDFRT, MSH], depth:2
2018-03-15 16:10:19 DEBUG KShortestPathsAlgo:67 - Path ~found @ Depth: 1
2018-03-15 16:10:20 INFO  Kshortestpaths:74 - Total Paths found: 3
2018-03-15 16:10:20 INFO  KshortestpathsTest:27 - shutting down DB
2018-03-15 16:10:59 INFO  KshortestpathsTest:20 - Setting Up DB
2018-03-15 16:11:02 DEBUG KshortestpathsTest:54 - 10 Paths should be there
2018-03-15 16:11:02 INFO  Kshortestpaths:38 - Received Request for k-shortest src: :C0003419, target:C0030193, vocab:[all], depth:3
2018-03-15 16:11:05 DEBUG KShortestPathsAlgo:67 - Path ~found @ Depth: 1
2018-03-15 16:11:05 INFO  Kshortestpaths:74 - Total Paths found: 10
2018-03-15 16:11:05 INFO  KshortestpathsTest:27 - shutting down DB
2018-03-15 16:11:05 INFO  KshortestpathsTest:20 - Setting Up DB
2018-03-15 16:11:05 DEBUG KshortestpathsTest:41 - 1 Direct Path
2018-03-15 16:11:05 INFO  Kshortestpaths:38 - Received Request for k-shortest src: :C0000039, target:C0043950, vocab:[all], depth:1
2018-03-15 16:11:08 INFO  Kshortestpaths:74 - Total Paths found: 1
2018-03-15 16:11:08 INFO  KshortestpathsTest:27 - shutting down DB
2018-03-15 16:11:08 INFO  KshortestpathsTest:20 - Setting Up DB
2018-03-15 16:11:08 DEBUG KshortestpathsTest:48 - 3 Paths should be there
2018-03-15 16:11:08 INFO  Kshortestpaths:38 - Received Request for k-shortest src: :C0003419, target:C0030193, vocab:[NDFRT, MSH], depth:2
2018-03-15 16:11:10 DEBUG KShortestPathsAlgo:67 - Path ~found @ Depth: 1
2018-03-15 16:11:10 INFO  Kshortestpaths:74 - Total Paths found: 3
2018-03-15 16:11:10 INFO  KshortestpathsTest:27 - shutting down DB
2018-03-15 16:11:54 INFO  KshortestpathsTest:20 - Setting Up DB
2018-03-15 16:11:57 INFO  Kshortestpaths:38 - Received Request for k-shortest src: :C0003419, target:C0030193, vocab:[all], depth:3
2018-03-15 16:11:59 INFO  Kshortestpaths:74 - Total Paths found: 10
2018-03-15 16:11:59 INFO  KshortestpathsTest:27 - shutting down DB
2018-03-15 16:11:59 INFO  KshortestpathsTest:20 - Setting Up DB
2018-03-15 16:12:00 INFO  Kshortestpaths:38 - Received Request for k-shortest src: :C0000039, target:C0043950, vocab:[all], depth:1
2018-03-15 16:12:02 INFO  Kshortestpaths:74 - Total Paths found: 1
2018-03-15 16:12:02 INFO  KshortestpathsTest:27 - shutting down DB
2018-03-15 16:12:02 INFO  KshortestpathsTest:20 - Setting Up DB
2018-03-15 16:12:02 INFO  Kshortestpaths:38 - Received Request for k-shortest src: :C0003419, target:C0030193, vocab:[NDFRT, MSH], depth:2
2018-03-15 16:12:04 INFO  Kshortestpaths:74 - Total Paths found: 3
2018-03-15 16:12:04 INFO  KshortestpathsTest:27 - shutting down DB
2018-03-15 16:12:33 INFO  Kshortestpaths:38 - Received Request for k-shortest src: :C0003419, target:C0030193, vocab:[all], depth:3
2018-03-15 16:12:35 INFO  Kshortestpaths:74 - Total Paths found: 10
2018-03-15 16:12:36 INFO  Kshortestpaths:38 - Received Request for k-shortest src: :C0000039, target:C0043950, vocab:[all], depth:1
2018-03-15 16:12:37 INFO  Kshortestpaths:74 - Total Paths found: 1
2018-03-15 16:12:37 INFO  Kshortestpaths:38 - Received Request for k-shortest src: :C0003419, target:C0030193, vocab:[NDFRT, MSH], depth:2
2018-03-15 16:12:39 INFO  Kshortestpaths:74 - Total Paths found: 3
2018-03-15 16:44:45 INFO  GraphTraversalTest:25 - Setting Up DB
2018-03-15 16:44:54 INFO  GraphTraversal:62 - Total graphs for src:C0000039 traversal_Depth:1  vocab:[all]  and relLabel:MSH#RN_mapped_to is :9
2018-03-15 16:44:54 INFO  GraphTraversalTest:32 - shutting down DB
2018-03-15 16:44:54 INFO  GraphTraversalTest:25 - Setting Up DB
2018-03-15 16:45:02 INFO  GraphTraversal:62 - Total graphs for src:C0000039 traversal_Depth:1  vocab:[all]  and relLabel:MSH#RO_has_mapping_qualifier is :0
2018-03-15 16:45:02 INFO  GraphTraversalTest:32 - shutting down DB
2018-03-15 16:45:03 INFO  GraphTraversalTest:25 - Setting Up DB
2018-03-15 16:45:08 INFO  GraphTraversal:62 - Total graphs for src:C0000039 traversal_Depth:2  vocab:[all]  and relLabel:NDFRT_FMTSME#RO_chemical_structure_of is :0
2018-03-15 16:45:08 INFO  GraphTraversalTest:32 - shutting down DB
2018-03-15 16:45:08 INFO  Kshortestpaths:38 - Received Request for k-shortest src: :C0003419, target:C0030193, vocab:[all], depth:3
2018-03-15 16:45:10 INFO  Kshortestpaths:74 - Total Paths found: 10
2018-03-15 16:45:10 INFO  Kshortestpaths:38 - Received Request for k-shortest src: :C0000039, target:C0043950, vocab:[all], depth:1
2018-03-15 16:45:15 INFO  Kshortestpaths:74 - Total Paths found: 1
2018-03-15 16:45:16 INFO  Kshortestpaths:38 - Received Request for k-shortest src: :C0003419, target:C0030193, vocab:[NDFRT, MSH], depth:2
2018-03-15 16:45:19 INFO  Kshortestpaths:74 - Total Paths found: 3
2018-03-15 16:48:14 INFO  GraphTraversal:62 - Total graphs for src:C0000039 traversal_Depth:1  vocab:[all]  and relLabel:MSH#RN_mapped_to is :9
2018-03-15 16:48:16 INFO  GraphTraversal:62 - Total graphs for src:C0000039 traversal_Depth:2  vocab:[all]  and relLabel:MSH#RO_has_mapping_qualifier is :9
2018-03-15 16:48:21 INFO  GraphTraversal:62 - Total graphs for src:C0000039 traversal_Depth:3  vocab:[all]  and relLabel:NDFRT_FMTSME#RO_chemical_structure_of is :2583
2018-03-15 16:49:10 INFO  GraphTraversal:62 - Total graphs for src:C0000039 traversal_Depth:1  vocab:[all]  and relLabel:MSH#RN_mapped_to is :9
2018-03-15 16:49:11 INFO  GraphTraversal:62 - Total graphs for src:C0000039 traversal_Depth:2  vocab:[all]  and relLabel:MSH#RO_has_mapping_qualifier is :9
2018-03-15 16:49:16 INFO  GraphTraversal:62 - Total graphs for src:C0000039 traversal_Depth:3  vocab:[all]  and relLabel:NDFRT_FMTSME#RO_chemical_structure_of is :2583
2018-03-15 16:49:16 INFO  Kshortestpaths:38 - Received Request for k-shortest src: :C0003419, target:C0030193, vocab:[all], depth:3
2018-03-15 16:49:18 INFO  Kshortestpaths:74 - Total Paths found: 10
2018-03-15 16:49:18 INFO  Kshortestpaths:38 - Received Request for k-shortest src: :C0000039, target:C0043950, vocab:[all], depth:1
2018-03-15 16:49:20 INFO  Kshortestpaths:74 - Total Paths found: 1
2018-03-15 16:49:20 INFO  Kshortestpaths:38 - Received Request for k-shortest src: :C0003419, target:C0030193, vocab:[NDFRT, MSH], depth:2
2018-03-15 16:49:22 INFO  Kshortestpaths:74 - Total Paths found: 3
2018-03-15 16:49:55 INFO  GraphTraversal:62 - Total graphs for src:C0000039 traversal_Depth:1  vocab:[all]  and relLabel:MSH#RN_mapped_to is :9
2018-03-15 16:49:56 INFO  GraphTraversal:62 - Total graphs for src:C0000039 traversal_Depth:2  vocab:[all]  and relLabel:MSH#RO_has_mapping_qualifier is :9
2018-03-15 16:49:57 INFO  GraphTraversal:62 - Total graphs for src:C0000039 traversal_Depth:2  vocab:[all]  and relLabel:NDFRT_FMTSME#RO_chemical_structure_of is :0
2018-03-15 16:49:58 INFO  Kshortestpaths:38 - Received Request for k-shortest src: :C0003419, target:C0030193, vocab:[all], depth:3
2018-03-15 16:49:59 INFO  Kshortestpaths:74 - Total Paths found: 10
2018-03-15 16:49:59 INFO  Kshortestpaths:38 - Received Request for k-shortest src: :C0000039, target:C0043950, vocab:[all], depth:1
2018-03-15 16:50:01 INFO  Kshortestpaths:74 - Total Paths found: 1
2018-03-15 16:50:01 INFO  Kshortestpaths:38 - Received Request for k-shortest src: :C0003419, target:C0030193, vocab:[NDFRT, MSH], depth:2
2018-03-15 16:50:03 INFO  Kshortestpaths:74 - Total Paths found: 3
2018-03-16 14:31:19 INFO  GraphTraversal:62 - Total graphs for src:C0000039 traversal_Depth:1  vocab:[all]  and relLabel:MSH#RN_mapped_to is :9
2018-03-16 14:31:21 INFO  GraphTraversal:62 - Total graphs for src:C0000039 traversal_Depth:2  vocab:[all]  and relLabel:MSH#RO_has_mapping_qualifier is :9
2018-03-16 14:31:25 INFO  GraphTraversal:62 - Total graphs for src:C0000039 traversal_Depth:3  vocab:[all]  and relLabel:NDFRT_FMTSME#RO_chemical_structure_of is :2583
2018-03-16 14:32:01 INFO  Kshortestpaths:38 - Received Request for k-shortest src: :C0003419, target:C0030193, vocab:[all], depth:3
2018-03-16 14:32:04 INFO  Kshortestpaths:74 - Total Paths found: 10
2018-03-16 14:32:04 INFO  Kshortestpaths:38 - Received Request for k-shortest src: :C0000039, target:C0043950, vocab:[all], depth:1
2018-03-16 14:32:06 INFO  Kshortestpaths:74 - Total Paths found: 1
2018-03-16 14:32:06 INFO  Kshortestpaths:38 - Received Request for k-shortest src: :C0003419, target:C0030193, vocab:[NDFRT, MSH], depth:2
2018-03-16 14:32:08 INFO  Kshortestpaths:74 - Total Paths found: 3
2018-03-16 14:32:41 INFO  GraphTraversal:62 - Total graphs for src:C0000039 traversal_Depth:1  vocab:[all]  and relLabel:MSH#RN_mapped_to is :9
2018-03-16 14:32:42 INFO  GraphTraversal:62 - Total graphs for src:C0000039 traversal_Depth:2  vocab:[all]  and relLabel:MSH#RO_has_mapping_qualifier is :9
2018-03-16 14:32:46 INFO  GraphTraversal:62 - Total graphs for src:C0000039 traversal_Depth:3  vocab:[all]  and relLabel:NDFRT_FMTSME#RO_chemical_structure_of is :2583
2018-03-16 14:38:13 INFO  GraphTraversal:68 - Node: C0000039  does not exist!!!
2018-03-16 14:38:13 INFO  GraphTraversal:68 - Node: C0000039  does not exist!!!
2018-03-16 14:38:14 INFO  GraphTraversal:68 - Node: C0000039  does not exist!!!
2018-03-16 14:38:37 INFO  GraphTraversal:68 - Node: C0000039  does not exist!!!
2018-03-16 14:38:37 INFO  GraphTraversal:68 - Node: C0000039  does not exist!!!
2018-03-16 14:38:37 INFO  GraphTraversal:68 - Node: C0000039  does not exist!!!
2018-03-16 14:39:55 INFO  GraphTraversal:68 - Node: C0000039  does not exist!!!
2018-03-16 14:39:55 INFO  GraphTraversal:68 - Node: C0000039  does not exist!!!
2018-03-16 14:39:55 INFO  GraphTraversal:68 - Node: C0000039  does not exist!!!
2018-03-16 14:41:15 INFO  GraphTraversal:62 - Total graphs for src:C0000039 traversal_Depth:1  vocab:[all]  and relLabel:MSH#RN_mapped_to is :9
2018-03-16 14:41:17 INFO  GraphTraversal:62 - Total graphs for src:C0000039 traversal_Depth:2  vocab:[all]  and relLabel:MSH#RO_has_mapping_qualifier is :9
2018-03-16 14:41:20 INFO  GraphTraversal:62 - Total graphs for src:C0000039 traversal_Depth:3  vocab:[all]  and relLabel:NDFRT_FMTSME#RO_chemical_structure_of is :2583
2018-03-16 15:40:50 INFO  GraphTraversal:62 - Total graphs for src:C0000039 traversal_Depth:1  vocab:[all]  and relLabel:MSH#RN_mapped_to is :9
2018-03-16 15:40:52 INFO  GraphTraversal:62 - Total graphs for src:C0000039 traversal_Depth:2  vocab:[all]  and relLabel:MSH#RO_has_mapping_qualifier is :9
2018-03-16 15:40:54 INFO  GraphTraversal:62 - Total graphs for src:C0000039 traversal_Depth:3  vocab:[all]  and relLabel:NDFRT_FMTSME#RO_chemical_structure_of is :2583
2018-03-16 15:41:25 INFO  Kshortestpaths:38 - Received Request for k-shortest src: :C0003419, target:C0030193, vocab:[all], depth:3
2018-03-16 15:41:27 INFO  Kshortestpaths:74 - Total Paths found: 10
2018-03-16 15:41:28 INFO  Kshortestpaths:38 - Received Request for k-shortest src: :C0000039, target:C0043950, vocab:[all], depth:1
2018-03-16 15:41:29 INFO  Kshortestpaths:74 - Total Paths found: 1
2018-03-16 15:41:29 INFO  Kshortestpaths:38 - Received Request for k-shortest src: :C0003419, target:C0030193, vocab:[NDFRT, MSH], depth:2
2018-03-16 15:41:31 INFO  Kshortestpaths:74 - Total Paths found: 3
2018-03-16 15:59:47 INFO  Kshortestpaths:38 - Received Request for k-shortest src: :C0003419, target:C0030193, vocab:[all], depth:3
2018-03-16 15:59:49 INFO  Kshortestpaths:74 - Total Paths found: 10
2018-03-16 15:59:49 INFO  Kshortestpaths:38 - Received Request for k-shortest src: :C0000039, target:C0043950, vocab:[all], depth:1
2018-03-16 15:59:51 INFO  Kshortestpaths:74 - Total Paths found: 1
2018-03-16 15:59:52 INFO  Kshortestpaths:38 - Received Request for k-shortest src: :C0003419, target:C0030193, vocab:[NDFRT, MSH], depth:2
2018-03-16 15:59:54 INFO  Kshortestpaths:74 - Total Paths found: 3
2018-03-16 16:09:50 INFO  Kshortestpaths:38 - Received Request for k-shortest src: :C0003419, target:C0030193, vocab:[all], depth:3
2018-03-16 16:09:53 INFO  Kshortestpaths:74 - Total Paths found: 10
2018-03-16 16:09:53 INFO  Kshortestpaths:38 - Received Request for k-shortest src: :C0000039, target:C0043950, vocab:[all], depth:1
2018-03-16 16:09:55 INFO  Kshortestpaths:74 - Total Paths found: 1
2018-03-16 16:09:55 INFO  Kshortestpaths:38 - Received Request for k-shortest src: :C0003419, target:C0030193, vocab:[NDFRT, MSH], depth:2
2018-03-16 16:09:57 INFO  Kshortestpaths:74 - Total Paths found: 3
2018-03-16 16:52:49 INFO  GraphTraversal:62 - Total graphs for src:C0000039 traversal_Depth:1  vocab:[all]  and relLabel:MSH#RN_mapped_to is :9
2018-03-16 16:52:51 INFO  GraphTraversal:62 - Total graphs for src:C0000039 traversal_Depth:2  vocab:[all]  and relLabel:MSH#RO_has_mapping_qualifier is :9
2018-03-16 16:52:54 INFO  GraphTraversal:62 - Total graphs for src:C0000039 traversal_Depth:3  vocab:[all]  and relLabel:NDFRT_FMTSME#RO_chemical_structure_of is :2583
2018-03-16 16:52:55 INFO  Kshortestpaths:42 - Received Request for k-shortest src: :C0003419, target:C0030193, vocab:[all], depth:3
2018-03-16 16:52:56 INFO  Kshortestpaths:78 - Total Paths found: 10
2018-03-16 16:52:57 INFO  Kshortestpaths:42 - Received Request for k-shortest src: :C0000039, target:C0043950, vocab:[all], depth:1
2018-03-16 16:52:58 INFO  Kshortestpaths:78 - Total Paths found: 1
2018-03-16 16:52:58 INFO  Kshortestpaths:42 - Received Request for k-shortest src: :C0003419, target:C0030193, vocab:[NDFRT, MSH], depth:2
2018-03-16 16:53:00 INFO  Kshortestpaths:78 - Total Paths found: 3
2018-03-16 16:58:20 INFO  GraphTraversal:61 - Total graphs for src:C0000039 traversal_Depth:1  vocab:[all]  and relLabel:MSH#RN_mapped_to is :9
2018-03-16 16:58:22 INFO  GraphTraversal:61 - Total graphs for src:C0000039 traversal_Depth:2  vocab:[all]  and relLabel:MSH#RO_has_mapping_qualifier is :9
2018-03-16 16:58:25 INFO  GraphTraversal:61 - Total graphs for src:C0000039 traversal_Depth:3  vocab:[all]  and relLabel:NDFRT_FMTSME#RO_chemical_structure_of is :2583
2018-03-16 16:58:26 INFO  Kshortestpaths:42 - Received Request for k-shortest src: :C0003419, target:C0030193, vocab:[all], depth:3
2018-03-16 16:58:28 INFO  Kshortestpaths:78 - Total Paths found: 10
2018-03-16 16:58:28 INFO  Kshortestpaths:42 - Received Request for k-shortest src: :C0000039, target:C0043950, vocab:[all], depth:1
2018-03-16 16:58:30 INFO  Kshortestpaths:78 - Total Paths found: 1
2018-03-16 16:58:30 INFO  Kshortestpaths:42 - Received Request for k-shortest src: :C0003419, target:C0030193, vocab:[NDFRT, MSH], depth:2
2018-03-16 16:58:31 INFO  Kshortestpaths:78 - Total Paths found: 3
2018-03-16 17:05:34 INFO  GraphTraversal:61 - Total graphs for src:C0000039 traversal_Depth:1  vocab:[all]  and relLabel:MSH#RN_mapped_to is :9
2018-03-16 17:05:35 INFO  GraphTraversal:61 - Total graphs for src:C0000039 traversal_Depth:2  vocab:[all]  and relLabel:MSH#RO_has_mapping_qualifier is :9
2018-03-16 17:05:37 INFO  GraphTraversal:61 - Total graphs for src:C0000039 traversal_Depth:3  vocab:[all]  and relLabel:NDFRT_FMTSME#RO_chemical_structure_of is :2583
2019-02-07 19:37:02 INFO  SemanticNodeExplorer:65 - Node: C0000039  does not exist!!!
2019-02-07 19:37:03 INFO  SemanticNodeExplorer:65 - Node: C0000039  does not exist!!!
2019-02-07 19:37:03 INFO  SemanticNodeExplorer:65 - Node: C0000039  does not exist!!!
2019-02-07 19:40:54 INFO  SemanticNodeExplorer:65 - Node: C0000039  does not exist!!!
2019-02-07 19:40:54 INFO  SemanticNodeExplorer:65 - Node: C0000039  does not exist!!!
2019-02-07 19:40:55 INFO  SemanticNodeExplorer:65 - Node: C0000039  does not exist!!!
2019-02-07 20:48:42 INFO  SemanticNodeExplorer:60 - Total graphs for src:C0000039 traversal_Depth:1  vocab:[all]  and SemanticLabel:Organic Chemical is :0
2019-02-07 20:49:22 INFO  SemanticNodeExplorer:60 - Total graphs for src:C0000039 traversal_Depth:1  vocab:[all]  and SemanticLabel:Organic Chemical is :0
2019-02-07 20:50:11 INFO  SemanticNodeExplorer:60 - Total graphs for src:C0000039 traversal_Depth:1  vocab:[all]  and SemanticLabel:Organic Chemical is :11
2019-02-07 20:57:38 INFO  SemanticNodeExplorer:60 - Total graphs for src:C0000039 traversal_Depth:1  vocab:[all]  and SemanticLabel:Organic Chemical is :11
2019-02-07 20:59:09 INFO  SemanticNodeExplorer:60 - Total graphs for src:C0000039 traversal_Depth:1  vocab:[all]  and SemanticLabel:Organic Chemical is :11
2019-02-07 21:00:01 INFO  SemanticNodeExplorer:60 - Total graphs for src:C0000039 traversal_Depth:1  vocab:[all]  and SemanticLabel:Organic Chemical is :11
2019-02-07 21:05:24 INFO  SemanticNodeExplorer:60 - Total graphs for src:C0000039 traversal_Depth:1  vocab:[all]  and SemanticLabel:Chemical Viewed Structurally is :0
2019-02-07 21:06:12 INFO  SemanticNodeExplorer:60 - Total graphs for src:C0000039 traversal_Depth:1  vocab:[all]  and SemanticLabel:Amino Acid Peptide or Protein is :1
2019-02-07 21:06:59 INFO  SemanticNodeExplorer:60 - Total graphs for src:C0000039 traversal_Depth:1  vocab:[all]  and SemanticLabel:Amino Acid Peptide or Protein is :1
2019-02-07 21:11:00 INFO  SemanticNodeExplorer:60 - Total graphs for src:C0000039 traversal_Depth:1  vocab:[all]  and SemanticLabel:Chemical Viewed Structurally is :0
2019-02-07 21:11:23 INFO  SemanticNodeExplorer:60 - Total graphs for src:C0000039 traversal_Depth:1  vocab:[all]  and SemanticLabel:Chemical Viewed Structurally is :0
2019-02-07 21:12:58 INFO  SemanticNodeExplorer:60 - Total graphs for src:C0000039 traversal_Depth:1  vocab:[all]  and SemanticLabel:Chemical Viewed Structurally is :0
2019-02-07 21:14:04 INFO  SemanticNodeExplorer:60 - Total graphs for src:C0000039 traversal_Depth:1  vocab:[all]  and SemanticLabel:Chemical Viewed Structurally is :0
2019-02-07 21:19:05 INFO  SemanticNodeExplorer:60 - Total graphs for src:C0000039 traversal_Depth:1  vocab:[all]  and SemanticLabel:Chemical Viewed Structurally is :0
2019-02-07 21:21:42 INFO  SemanticNodeExplorer:60 - Total graphs for src:C0000039 traversal_Depth:1  vocab:[all]  and SemanticLabel:Chemical Viewed Structurally is :0
2019-02-07 21:23:45 INFO  SemanticNodeExplorer:60 - Total graphs for src:C0000039 traversal_Depth:2  vocab:[all]  and SemanticLabel:Chemical Viewed Structurally is :9
2019-02-07 21:24:21 INFO  SemanticNodeExplorer:60 - Total graphs for src:C0000039 traversal_Depth:2  vocab:[all]  and SemanticLabel:Chemical Viewed Structurally is :9
2019-02-07 21:39:05 INFO  SemanticNodeExplorer:60 - Total graphs for src:C0000039 traversal_Depth:2  vocab:[all]  and SemanticLabel:Chemical Viewed Structurally is :9
2019-02-07 21:42:57 INFO  SemanticNodeExplorer:60 - Total graphs for src:C0000039 traversal_Depth:1  vocab:[all]  and SemanticLabel:Amino Acid Peptide or Protein is :1
2019-02-07 21:43:24 INFO  SemanticNodeExplorer:60 - Total graphs for src:C0000039 traversal_Depth:1  vocab:[all]  and SemanticLabel:Amino Acid Peptide or Protein is :1
2019-02-07 21:48:32 INFO  SemanticNodeExplorer:60 - Total graphs for src:C0000039 traversal_Depth:1  vocab:[all]  and SemanticLabel:Amino Acid Peptide or Protein is :1
2019-02-07 21:50:49 INFO  SemanticNodeExplorer:60 - Total graphs for src:C0000039 traversal_Depth:1  vocab:[all]  and SemanticLabel:Amino Acid Peptide or Protein is :1
2019-02-07 21:56:53 INFO  GraphTraversal:67 - Node: C0000039  does not exist!!!
2019-02-07 21:56:53 INFO  GraphTraversal:67 - Node: C0000039  does not exist!!!
2019-02-07 21:56:53 INFO  GraphTraversal:67 - Node: C0000039  does not exist!!!
2019-02-07 21:56:53 INFO  Kshortestpaths:42 - Received Request for k-shortest src: :C0003419, target:C0030193, vocab:[all], depth:3
2019-02-07 21:56:53 FATAL Kshortestpaths:65 - 
2019-02-07 21:56:53 INFO  Kshortestpaths:78 - Total Paths found: 0
2019-02-07 21:56:54 INFO  Kshortestpaths:42 - Received Request for k-shortest src: :C0000039, target:C0043950, vocab:[all], depth:1
2019-02-07 21:56:54 FATAL Kshortestpaths:65 - 
2019-02-07 21:56:54 INFO  Kshortestpaths:78 - Total Paths found: 0
2019-02-07 21:56:54 INFO  Kshortestpaths:42 - Received Request for k-shortest src: :C0003419, target:C0030193, vocab:[NDFRT, MSH], depth:2
2019-02-07 21:56:54 FATAL Kshortestpaths:65 - 
2019-02-07 21:56:54 INFO  Kshortestpaths:78 - Total Paths found: 0
2019-02-07 21:56:55 INFO  SemanticNodeExplorer:60 - Total graphs for src:C0000039 traversal_Depth:1  vocab:[all]  and SemanticLabel:Organic Chemical is :11
2019-02-07 21:56:57 INFO  SemanticNodeExplorer:60 - Total graphs for src:C0000039 traversal_Depth:1  vocab:[all]  and SemanticLabel:Amino Acid Peptide or Protein is :1
2019-02-07 21:56:58 INFO  SemanticNodeExplorer:60 - Total graphs for src:C0000039 traversal_Depth:2  vocab:[all]  and SemanticLabel:Chemical Viewed Structurally is :9
2019-02-07 21:57:18 INFO  GraphTraversal:67 - Node: C0000039  does not exist!!!
2019-02-07 21:57:19 INFO  GraphTraversal:67 - Node: C0000039  does not exist!!!
2019-02-07 21:57:19 INFO  GraphTraversal:67 - Node: C0000039  does not exist!!!
2019-02-07 21:57:19 INFO  Kshortestpaths:42 - Received Request for k-shortest src: :C0003419, target:C0030193, vocab:[all], depth:3
2019-02-07 21:57:19 FATAL Kshortestpaths:65 - 
2019-02-07 21:57:19 INFO  Kshortestpaths:78 - Total Paths found: 0
2019-02-07 21:57:19 INFO  Kshortestpaths:42 - Received Request for k-shortest src: :C0000039, target:C0043950, vocab:[all], depth:1
2019-02-07 21:57:19 FATAL Kshortestpaths:65 - 
2019-02-07 21:57:19 INFO  Kshortestpaths:78 - Total Paths found: 0
2019-02-07 21:57:19 INFO  Kshortestpaths:42 - Received Request for k-shortest src: :C0003419, target:C0030193, vocab:[NDFRT, MSH], depth:2
2019-02-07 21:57:19 FATAL Kshortestpaths:65 - 
2019-02-07 21:57:19 INFO  Kshortestpaths:78 - Total Paths found: 0
2019-02-07 21:57:21 INFO  SemanticNodeExplorer:60 - Total graphs for src:C0000039 traversal_Depth:1  vocab:[all]  and SemanticLabel:Organic Chemical is :11
2019-02-07 21:57:22 INFO  SemanticNodeExplorer:60 - Total graphs for src:C0000039 traversal_Depth:1  vocab:[all]  and SemanticLabel:Amino Acid Peptide or Protein is :1
2019-02-07 21:57:23 INFO  SemanticNodeExplorer:60 - Total graphs for src:C0000039 traversal_Depth:2  vocab:[all]  and SemanticLabel:Chemical Viewed Structurally is :9
2019-02-07 21:57:44 INFO  GraphTraversal:67 - Node: C0000039  does not exist!!!
2019-02-07 21:57:44 INFO  GraphTraversal:67 - Node: C0000039  does not exist!!!
2019-02-07 21:57:44 INFO  GraphTraversal:67 - Node: C0000039  does not exist!!!
2019-02-07 21:57:45 INFO  Kshortestpaths:42 - Received Request for k-shortest src: :C0003419, target:C0030193, vocab:[all], depth:3
2019-02-07 21:57:45 FATAL Kshortestpaths:65 - 
2019-02-07 21:57:45 INFO  Kshortestpaths:78 - Total Paths found: 0
2019-02-07 21:57:45 INFO  Kshortestpaths:42 - Received Request for k-shortest src: :C0000039, target:C0043950, vocab:[all], depth:1
2019-02-07 21:57:45 FATAL Kshortestpaths:65 - 
2019-02-07 21:57:45 INFO  Kshortestpaths:78 - Total Paths found: 0
2019-02-07 21:57:45 INFO  Kshortestpaths:42 - Received Request for k-shortest src: :C0003419, target:C0030193, vocab:[NDFRT, MSH], depth:2
2019-02-07 21:57:45 FATAL Kshortestpaths:65 - 
2019-02-07 21:57:45 INFO  Kshortestpaths:78 - Total Paths found: 0
2019-02-07 21:57:46 INFO  SemanticNodeExplorer:60 - Total graphs for src:C0000039 traversal_Depth:1  vocab:[all]  and SemanticLabel:Organic Chemical is :11
2019-02-07 21:57:48 INFO  SemanticNodeExplorer:60 - Total graphs for src:C0000039 traversal_Depth:1  vocab:[all]  and SemanticLabel:Amino Acid Peptide or Protein is :1
2019-02-07 21:57:49 INFO  SemanticNodeExplorer:60 - Total graphs for src:C0000039 traversal_Depth:2  vocab:[all]  and SemanticLabel:Chemical Viewed Structurally is :9
2019-03-26 16:42:08 INFO  Kshortestpaths:42 - Received Request for k-shortest src: :C0000039, target:C0043950, vocab:[all], depth:1
2019-03-26 16:42:09 FATAL Kshortestpaths:65 - 
2019-03-26 16:42:09 INFO  Kshortestpaths:78 - Total Paths found: 0
2019-03-26 16:44:49 INFO  GraphTraversal:67 - Node: C0000039  does not exist!!!
2019-03-26 16:44:49 INFO  GraphTraversal:67 - Node: C0000039  does not exist!!!
2019-03-26 16:44:49 INFO  GraphTraversal:67 - Node: C0000039  does not exist!!!
2019-03-26 16:44:49 INFO  Kshortestpaths:42 - Received Request for k-shortest src: :C0003419, target:C0030193, vocab:[all], depth:3
2019-03-26 16:44:49 FATAL Kshortestpaths:65 - 
2019-03-26 16:44:49 INFO  Kshortestpaths:78 - Total Paths found: 0
2019-03-26 16:44:50 INFO  Kshortestpaths:42 - Received Request for k-shortest src: :C0000039, target:C0043950, vocab:[all], depth:1
2019-03-26 16:44:50 FATAL Kshortestpaths:65 - 
2019-03-26 16:44:50 INFO  Kshortestpaths:78 - Total Paths found: 0
2019-03-26 16:44:51 INFO  Kshortestpaths:42 - Received Request for k-shortest src: :C0003419, target:C0030193, vocab:[NDFRT, MSH], depth:2
2019-03-26 16:44:51 FATAL Kshortestpaths:65 - 
2019-03-26 16:44:51 INFO  Kshortestpaths:78 - Total Paths found: 0
2019-03-26 16:44:57 INFO  SemanticNodeExplorer:60 - Total graphs for src:C0000039 traversal_Depth:1  vocab:[all]  and SemanticLabel:Organic Chemical is :11
2019-03-26 16:45:06 INFO  SemanticNodeExplorer:60 - Total graphs for src:C0000039 traversal_Depth:1  vocab:[all]  and SemanticLabel:Amino Acid Peptide or Protein is :1
2019-03-26 16:45:11 INFO  SemanticNodeExplorer:60 - Total graphs for src:C0000039 traversal_Depth:2  vocab:[all]  and SemanticLabel:Chemical Viewed Structurally is :9
2019-03-26 16:51:29 INFO  Kshortestpaths:42 - Received Request for k-shortest src: :C0000039, target:C0043950, vocab:[all], depth:1
2019-03-26 16:51:33 INFO  Kshortestpaths:78 - Total Paths found: 1
2019-03-26 16:51:46 INFO  Kshortestpaths:42 - Received Request for k-shortest src: :C0003419, target:C0030193, vocab:[NDFRT, MSH], depth:2
2019-03-26 16:51:49 INFO  Kshortestpaths:78 - Total Paths found: 3
2019-03-26 16:52:04 INFO  Kshortestpaths:42 - Received Request for k-shortest src: :C0003419, target:C0030193, vocab:[all], depth:3
2019-03-26 16:52:07 INFO  Kshortestpaths:78 - Total Paths found: 10
2019-03-26 16:52:37 INFO  GraphTraversal:61 - Total graphs for src:C0000039 traversal_Depth:1  vocab:[all]  and relLabel:NDFRT_FMTSME#RO_chemical_structure_of is :0
2019-03-26 16:53:06 INFO  GraphTraversal:61 - Total graphs for src:C0000039 traversal_Depth:1  vocab:[all]  and relLabel:MSH#RN_mapped_to is :0
2019-03-26 16:53:08 INFO  GraphTraversal:61 - Total graphs for src:C0000039 traversal_Depth:2  vocab:[all]  and relLabel:MSH#RO_has_mapping_qualifier is :0
2019-03-26 16:53:11 INFO  GraphTraversal:61 - Total graphs for src:C0000039 traversal_Depth:3  vocab:[all]  and relLabel:NDFRT_FMTSME#RO_chemical_structure_of is :0
2019-03-26 16:53:11 INFO  Kshortestpaths:42 - Received Request for k-shortest src: :C0003419, target:C0030193, vocab:[all], depth:3
2019-03-26 16:53:13 INFO  Kshortestpaths:78 - Total Paths found: 10
2019-03-26 16:53:13 INFO  Kshortestpaths:42 - Received Request for k-shortest src: :C0000039, target:C0043950, vocab:[all], depth:1
2019-03-26 16:53:15 INFO  Kshortestpaths:78 - Total Paths found: 1
2019-03-26 16:53:15 INFO  Kshortestpaths:42 - Received Request for k-shortest src: :C0003419, target:C0030193, vocab:[NDFRT, MSH], depth:2
2019-03-26 16:53:17 INFO  Kshortestpaths:78 - Total Paths found: 3
2019-03-26 16:53:18 INFO  SemanticNodeExplorer:60 - Total graphs for src:C0000039 traversal_Depth:1  vocab:[all]  and SemanticLabel:Organic Chemical is :11
2019-03-26 16:53:19 INFO  SemanticNodeExplorer:60 - Total graphs for src:C0000039 traversal_Depth:1  vocab:[all]  and SemanticLabel:Amino Acid Peptide or Protein is :1
2019-03-26 16:53:20 INFO  SemanticNodeExplorer:60 - Total graphs for src:C0000039 traversal_Depth:2  vocab:[all]  and SemanticLabel:Chemical Viewed Structurally is :9
